<?xml version="1.0" encoding="UTF-8"?>
<testng-results ignored="0" total="1" passed="1" failed="0" skipped="0">
  <reporter-output>
  </reporter-output>
  <suite started-at="2021-11-30T17:32:31Z" name="Default suite" finished-at="2021-11-30T17:32:48Z" duration-ms="17300">
    <groups>
    </groups>
    <test started-at="2021-11-30T17:32:31Z" name="Default test" finished-at="2021-11-30T17:32:48Z" duration-ms="17300">
      <class name="bingTestcases.SwapTestCase">
        <test-method is-config="true" signature="SetUp()[pri:0, instance:bingTestcases.SwapTestCase@662706a7]" started-at="2021-11-30T17:32:31Z" name="SetUp" finished-at="2021-11-30T17:32:39Z" duration-ms="7526" status="PASS">
          <reporter-output>
          </reporter-output>
        </test-method> <!-- SetUp -->
        <test-method signature="checkSwapFunction()[pri:1, instance:bingTestcases.SwapTestCase@662706a7]" started-at="2021-11-30T17:32:39Z" name="checkSwapFunction" finished-at="2021-11-30T17:32:48Z" duration-ms="9748" status="PASS">
          <reporter-output>
          </reporter-output>
        </test-method> <!-- checkSwapFunction -->
      </class> <!-- bingTestcases.SwapTestCase -->
    </test> <!-- Default test -->
  </suite> <!-- Default suite -->
</testng-results>
